[6140:4636:0830/130413.859:INFO:components\enterprise\browser\controller\chrome_browser_cloud_management_controller.cc:202] No machine level policy manager exists.
[8080:3408:0830/130416.698:ERROR:gpu\command_buffer\service\gles2_cmd_decoder_passthrough.cc:1096] [GroupMarkerNotSet(crbug.com/242999)!:A0802D006C590000]Automatic fallback to software WebGL has been deprecated. Please use the --enable-unsafe-swiftshader (about:flags#enable-unsafe-swiftshader) flag to opt in to lower security guarantees for trusted content.
[6140:4636:0830/130416.717:INFO:CONSOLE:0] "[GroupMarkerNotSet(crbug.com/242999)!:A0802D006C590000]Automatic fallback to software WebGL has been deprecated. Please use the --enable-unsafe-swiftshader (about:flags#enable-unsafe-swiftshader) flag to opt in to lower security guarantees for trusted content.", source: https://www.instagram.com/accounts/login/ (0)
[6140:4636:0830/130416.721:INFO:CONSOLE:251] "
%cStop! font-family:helvetica; font-size:20px; font-size:50px; font-weight:bold; color:red; -webkit-text-stroke:1px black;", source: https://static.cdninstagram.com/rsrc.php/v4/yj/r/d7JxpQJeMD7.js (251)
[6140:4636:0830/130416.722:INFO:CONSOLE:251] "
%cThis is a browser feature intended for developers. If someone told you to copy-paste something here to enable an Instagram feature or "hack" someone's account, it is a scam and will give them access to your Instagram account. font-family:helvetica; font-size:20px; ", source: https://static.cdninstagram.com/rsrc.php/v4/yj/r/d7JxpQJeMD7.js (251)
[6140:4636:0830/130416.722:INFO:CONSOLE:251] "
%cSee https://www.facebook.com/selfxss for more information. font-family:helvetica; font-size:20px; ", source: https://static.cdninstagram.com/rsrc.php/v4/yj/r/d7JxpQJeMD7.js (251)
[6140:4636:0830/130416.723:INFO:CONSOLE:251] "
%c ", source: https://static.cdninstagram.com/rsrc.php/v4/yj/r/d7JxpQJeMD7.js (251)
[8080:3408:0830/130416.728:ERROR:gpu\command_buffer\service\gles2_cmd_decoder_passthrough.cc:1096] [GroupMarkerNotSet(crbug.com/242999)!:A0B02D006C590000]Automatic fallback to software WebGL has been deprecated. Please use the --enable-unsafe-swiftshader (about:flags#enable-unsafe-swiftshader) flag to opt in to lower security guarantees for trusted content.
[6140:4636:0830/130416.733:INFO:CONSOLE:0] "[GroupMarkerNotSet(crbug.com/242999)!:A0B02D006C590000]Automatic fallback to software WebGL has been deprecated. Please use the --enable-unsafe-swiftshader (about:flags#enable-unsafe-swiftshader) flag to opt in to lower security guarantees for trusted content.", source: https://www.instagram.com/accounts/login/ (0)
[6140:4636:0830/130416.977:INFO:CONSOLE:0] "Banner not shown: beforeinstallpromptevent.preventDefault() called. The page must call beforeinstallpromptevent.prompt() to show the banner.", source: https://www.instagram.com/accounts/login/ (0)
[6140:4636:0830/130417.023:INFO:CONSOLE:0] "[DOM] Input elements should have autocomplete attributes (suggested: "current-password"): (More info: https://goo.gl/9p2vKq) %o", source: https://www.instagram.com/accounts/login/ (0)
[6140:10860:0830/130419.521:ERROR:components\system_cpu\cpu_probe_win.cc:112] PdhAddEnglishCounter failed for '\Processor(_Total)\% Processor Time': Error (0x13D) while retrieving error. (0xC0000BB8)
[6140:1356:0830/130419.521:ERROR:components\system_cpu\cpu_probe_win.cc:112] PdhAddEnglishCounter failed for '\Processor(_Total)\% Processor Time': Error (0x13D) while retrieving error. (0xC0000BB8)
[8080:3408:0830/130421.190:ERROR:gpu\command_buffer\service\gles2_cmd_decoder_passthrough.cc:1096] [GroupMarkerNotSet(crbug.com/242999)!:A0802D006C590000]Automatic fallback to software WebGL has been deprecated. Please use the --enable-unsafe-swiftshader (about:flags#enable-unsafe-swiftshader) flag to opt in to lower security guarantees for trusted content.
[8080:3408:0830/130421.200:ERROR:gpu\command_buffer\service\gles2_cmd_decoder_passthrough.cc:1096] [GroupMarkerNotSet(crbug.com/242999)!:A0B02D006C590000]Automatic fallback to software WebGL has been deprecated. Please use the --enable-unsafe-swiftshader (about:flags#enable-unsafe-swiftshader) flag to opt in to lower security guarantees for trusted content.
[8080:3408:0830/130421.215:ERROR:gpu\command_buffer\service\gles2_cmd_decoder_passthrough.cc:1096] [GroupMarkerNotSet(crbug.com/242999)!:A0E02D006C590000]Automatic fallback to software WebGL has been deprecated. Please use the --enable-unsafe-swiftshader (about:flags#enable-unsafe-swiftshader) flag to opt in to lower security guarantees for trusted content.
[8080:3408:0830/130421.225:ERROR:gpu\command_buffer\service\gles2_cmd_decoder_passthrough.cc:1096] [GroupMarkerNotSet(crbug.com/242999)!:A0102E006C590000]Automatic fallback to software WebGL has been deprecated. Please use the --enable-unsafe-swiftshader (about:flags#enable-unsafe-swiftshader) flag to opt in to lower security guarantees for trusted content.
[6140:4636:0830/130421.256:INFO:CONSOLE:0] "[GroupMarkerNotSet(crbug.com/242999)!:A0802D006C590000]Automatic fallback to software WebGL has been deprecated. Please use the --enable-unsafe-swiftshader (about:flags#enable-unsafe-swiftshader) flag to opt in to lower security guarantees for trusted content.", source: https://www.facebook.com/login.php?next=https%3A%2F%2Fwww.facebook.com%2Foidc%2F%3Fapp_id%3D124024574287414%26redirect_uri%3Dhttps%253A%252F%252Fwww.instagram.com%252Faccounts%252Fsignupviafb%252F%26response_type%3Dcode%26scope%3Dopenid%2Bemail%2Bprofile%2Blinking%26state%3DATnLhHsKItaVYfa4o4WQ_-ItExKZAy92oolRQGfWMtkN4nHoVvr9prnT76msym2-EOlOjKbr_eZg8CRACRCv49XrRle3qIHnF4dOIne9IS17ZD6CwsHxcL68HaRd95wqjeWL_nr7TeNs0hp-V5Rj8O7r5hcIJnAN3UpazTUym5xCduesza61c5DSV_-HAMCgnoxoyB69ynRhUAHizDoJXkUogTeZkwSdagiKHiIPd7iziAoAXc9ErWra86EjcUIMy-Ph (0)
[6140:4636:0830/130421.256:INFO:CONSOLE:0] "[GroupMarkerNotSet(crbug.com/242999)!:A0B02D006C590000]Automatic fallback to software WebGL has been deprecated. Please use the --enable-unsafe-swiftshader (about:flags#enable-unsafe-swiftshader) flag to opt in to lower security guarantees for trusted content.", source: https://www.facebook.com/login.php?next=https%3A%2F%2Fwww.facebook.com%2Foidc%2F%3Fapp_id%3D124024574287414%26redirect_uri%3Dhttps%253A%252F%252Fwww.instagram.com%252Faccounts%252Fsignupviafb%252F%26response_type%3Dcode%26scope%3Dopenid%2Bemail%2Bprofile%2Blinking%26state%3DATnLhHsKItaVYfa4o4WQ_-ItExKZAy92oolRQGfWMtkN4nHoVvr9prnT76msym2-EOlOjKbr_eZg8CRACRCv49XrRle3qIHnF4dOIne9IS17ZD6CwsHxcL68HaRd95wqjeWL_nr7TeNs0hp-V5Rj8O7r5hcIJnAN3UpazTUym5xCduesza61c5DSV_-HAMCgnoxoyB69ynRhUAHizDoJXkUogTeZkwSdagiKHiIPd7iziAoAXc9ErWra86EjcUIMy-Ph (0)
[6140:4636:0830/130421.256:INFO:CONSOLE:0] "[GroupMarkerNotSet(crbug.com/242999)!:A0E02D006C590000]Automatic fallback to software WebGL has been deprecated. Please use the --enable-unsafe-swiftshader (about:flags#enable-unsafe-swiftshader) flag to opt in to lower security guarantees for trusted content.", source: https://www.facebook.com/login.php?next=https%3A%2F%2Fwww.facebook.com%2Foidc%2F%3Fapp_id%3D124024574287414%26redirect_uri%3Dhttps%253A%252F%252Fwww.instagram.com%252Faccounts%252Fsignupviafb%252F%26response_type%3Dcode%26scope%3Dopenid%2Bemail%2Bprofile%2Blinking%26state%3DATnLhHsKItaVYfa4o4WQ_-ItExKZAy92oolRQGfWMtkN4nHoVvr9prnT76msym2-EOlOjKbr_eZg8CRACRCv49XrRle3qIHnF4dOIne9IS17ZD6CwsHxcL68HaRd95wqjeWL_nr7TeNs0hp-V5Rj8O7r5hcIJnAN3UpazTUym5xCduesza61c5DSV_-HAMCgnoxoyB69ynRhUAHizDoJXkUogTeZkwSdagiKHiIPd7iziAoAXc9ErWra86EjcUIMy-Ph (0)
[6140:4636:0830/130421.256:INFO:CONSOLE:0] "[GroupMarkerNotSet(crbug.com/242999)!:A0102E006C590000]Automatic fallback to software WebGL has been deprecated. Please use the --enable-unsafe-swiftshader (about:flags#enable-unsafe-swiftshader) flag to opt in to lower security guarantees for trusted content.", source: https://www.facebook.com/login.php?next=https%3A%2F%2Fwww.facebook.com%2Foidc%2F%3Fapp_id%3D124024574287414%26redirect_uri%3Dhttps%253A%252F%252Fwww.instagram.com%252Faccounts%252Fsignupviafb%252F%26response_type%3Dcode%26scope%3Dopenid%2Bemail%2Bprofile%2Blinking%26state%3DATnLhHsKItaVYfa4o4WQ_-ItExKZAy92oolRQGfWMtkN4nHoVvr9prnT76msym2-EOlOjKbr_eZg8CRACRCv49XrRle3qIHnF4dOIne9IS17ZD6CwsHxcL68HaRd95wqjeWL_nr7TeNs0hp-V5Rj8O7r5hcIJnAN3UpazTUym5xCduesza61c5DSV_-HAMCgnoxoyB69ynRhUAHizDoJXkUogTeZkwSdagiKHiIPd7iziAoAXc9ErWra86EjcUIMy-Ph (0)
[6140:4636:0830/130421.257:INFO:CONSOLE:0] "
%cStop! font-family:helvetica; font-size:20px; font-size:50px; font-weight:bold; color:red; -webkit-text-stroke:1px black;", source:  (0)
[6140:4636:0830/130421.257:INFO:CONSOLE:0] "
%cThis is a browser feature intended for developers. If someone told you to copy and paste something here to enable a Facebook feature or "hack" someone's account, it is a scam and will give them access to your Facebook account. font-family:helvetica; font-size:20px; ", source:  (0)
[6140:4636:0830/130421.257:INFO:CONSOLE:0] "
%cSee https://www.facebook.com/selfxss for more information. font-family:helvetica; font-size:20px; ", source:  (0)
[6140:4636:0830/130421.257:INFO:CONSOLE:0] "
%c ", source:  (0)
[8080:3408:0830/130421.262:ERROR:gpu\command_buffer\service\gles2_cmd_decoder_passthrough.cc:1096] [GroupMarkerNotSet(crbug.com/242999)!:A08030006C590000]Automatic fallback to software WebGL has been deprecated. Please use the --enable-unsafe-swiftshader (about:flags#enable-unsafe-swiftshader) flag to opt in to lower security guarantees for trusted content.
[6140:4636:0830/130421.275:INFO:CONSOLE:0] "[GroupMarkerNotSet(crbug.com/242999)!:A08030006C590000]Automatic fallback to software WebGL has been deprecated. Please use the --enable-unsafe-swiftshader (about:flags#enable-unsafe-swiftshader) flag to opt in to lower security guarantees for trusted content.", source: https://www.facebook.com/login.php?next=https%3A%2F%2Fwww.facebook.com%2Foidc%2F%3Fapp_id%3D124024574287414%26redirect_uri%3Dhttps%253A%252F%252Fwww.instagram.com%252Faccounts%252Fsignupviafb%252F%26response_type%3Dcode%26scope%3Dopenid%2Bemail%2Bprofile%2Blinking%26state%3DATnLhHsKItaVYfa4o4WQ_-ItExKZAy92oolRQGfWMtkN4nHoVvr9prnT76msym2-EOlOjKbr_eZg8CRACRCv49XrRle3qIHnF4dOIne9IS17ZD6CwsHxcL68HaRd95wqjeWL_nr7TeNs0hp-V5Rj8O7r5hcIJnAN3UpazTUym5xCduesza61c5DSV_-HAMCgnoxoyB69ynRhUAHizDoJXkUogTeZkwSdagiKHiIPd7iziAoAXc9ErWra86EjcUIMy-Ph (0)
[6140:2524:0830/130421.693:ERROR:google_apis\gcm\engine\registration_request.cc:291] Registration response error message: DEPRECATED_ENDPOINT
[6140:1356:0830/130428.828:ERROR:components\system_cpu\cpu_probe_win.cc:112] PdhAddEnglishCounter failed for '\Processor(_Total)\% Processor Time': Error (0x13D) while retrieving error. (0xC0000BB8)
[6140:1356:0830/130443.830:ERROR:components\system_cpu\cpu_probe_win.cc:112] PdhAddEnglishCounter failed for '\Processor(_Total)\% Processor Time': Error (0x13D) while retrieving error. (0xC0000BB8)
[6140:4636:0830/130444.517:INFO:CONSOLE:251] "
%cStop! font-family:helvetica; font-size:20px; font-size:50px; font-weight:bold; color:red; -webkit-text-stroke:1px black;", source: https://static.cdninstagram.com/rsrc.php/v4/yj/r/d7JxpQJeMD7.js (251)
[6140:4636:0830/130444.517:INFO:CONSOLE:251] "
%cThis is a browser feature intended for developers. If someone told you to copy-paste something here to enable an Instagram feature or "hack" someone's account, it is a scam and will give them access to your Instagram account. font-family:helvetica; font-size:20px; ", source: https://static.cdninstagram.com/rsrc.php/v4/yj/r/d7JxpQJeMD7.js (251)
[6140:4636:0830/130444.517:INFO:CONSOLE:251] "
%cSee https://www.facebook.com/selfxss for more information. font-family:helvetica; font-size:20px; ", source: https://static.cdninstagram.com/rsrc.php/v4/yj/r/d7JxpQJeMD7.js (251)
[6140:4636:0830/130444.518:INFO:CONSOLE:251] "
%c ", source: https://static.cdninstagram.com/rsrc.php/v4/yj/r/d7JxpQJeMD7.js (251)
[8080:3408:0830/130444.578:ERROR:gpu\command_buffer\service\gles2_cmd_decoder_passthrough.cc:1096] [GroupMarkerNotSet(crbug.com/242999)!:A0B030006C590000]Automatic fallback to software WebGL has been deprecated. Please use the --enable-unsafe-swiftshader (about:flags#enable-unsafe-swiftshader) flag to opt in to lower security guarantees for trusted content.
[6140:4636:0830/130444.583:INFO:CONSOLE:0] "[GroupMarkerNotSet(crbug.com/242999)!:A0B030006C590000]Automatic fallback to software WebGL has been deprecated. Please use the --enable-unsafe-swiftshader (about:flags#enable-unsafe-swiftshader) flag to opt in to lower security guarantees for trusted content.", source: https://www.instagram.com/accounts/signupviafb/?code=AVLVD0HcE_RJtaIusrV8GAf4kIjp98DnENQvnM20f5bOmjs4399Pmuw4ZILKyEjBAV75SrxZ8QC_qwIEtBb89xo6awz5fEeGtiEN37hyVE2botItHFNETxDIjYfmV7wDFEoVVrbZw4QUjjtDDthFPGtw5EggxQ1FXqAb8A4E7WateDzCRFG3kEc9KQxKT73SPO1KkIw78A&state=ATnLhHsKItaVYfa4o4WQ_-ItExKZAy92oolRQGfWMtkN4nHoVvr9prnT76msym2-EOlOjKbr_eZg8CRACRCv49XrRle3qIHnF4dOIne9IS17ZD6CwsHxcL68HaRd95wqjeWL_nr7TeNs0hp-V5Rj8O7r5hcIJnAN3UpazTUym5xCduesza61c5DSV_-HAMCgnoxoyB69ynRhUAHizDoJXkUogTeZkwSdagiKHiIPd7iziAoAXc9ErWra86EjcUIMy-Ph (0)
[6140:4636:0830/130444.646:INFO:CONSOLE:0] "Banner not shown: beforeinstallpromptevent.preventDefault() called. The page must call beforeinstallpromptevent.prompt() to show the banner.", source: https://www.instagram.com/accounts/signupviafb/?code=AVLVD0HcE_RJtaIusrV8GAf4kIjp98DnENQvnM20f5bOmjs4399Pmuw4ZILKyEjBAV75SrxZ8QC_qwIEtBb89xo6awz5fEeGtiEN37hyVE2botItHFNETxDIjYfmV7wDFEoVVrbZw4QUjjtDDthFPGtw5EggxQ1FXqAb8A4E7WateDzCRFG3kEc9KQxKT73SPO1KkIw78A&state=ATnLhHsKItaVYfa4o4WQ_-ItExKZAy92oolRQGfWMtkN4nHoVvr9prnT76msym2-EOlOjKbr_eZg8CRACRCv49XrRle3qIHnF4dOIne9IS17ZD6CwsHxcL68HaRd95wqjeWL_nr7TeNs0hp-V5Rj8O7r5hcIJnAN3UpazTUym5xCduesza61c5DSV_-HAMCgnoxoyB69ynRhUAHizDoJXkUogTeZkwSdagiKHiIPd7iziAoAXc9ErWra86EjcUIMy-Ph (0)
[6140:2524:0830/130449.396:ERROR:google_apis\gcm\engine\registration_request.cc:291] Registration response error message: DEPRECATED_ENDPOINT
[6140:4636:0830/130454.824:INFO:CONSOLE:0] "Banner not shown: beforeinstallpromptevent.preventDefault() called. The page must call beforeinstallpromptevent.prompt() to show the banner.", source: https://www.instagram.com/ (0)
[6140:4636:0830/130455.393:INFO:CONSOLE:251] "
%cStop! font-family:helvetica; font-size:20px; font-size:50px; font-weight:bold; color:red; -webkit-text-stroke:1px black;", source: https://static.cdninstagram.com/rsrc.php/v4/yj/r/d7JxpQJeMD7.js (251)
[6140:4636:0830/130455.393:INFO:CONSOLE:251] "
%cThis is a browser feature intended for developers. If someone told you to copy-paste something here to enable an Instagram feature or "hack" someone's account, it is a scam and will give them access to your Instagram account. font-family:helvetica; font-size:20px; ", source: https://static.cdninstagram.com/rsrc.php/v4/yj/r/d7JxpQJeMD7.js (251)
[6140:4636:0830/130455.393:INFO:CONSOLE:251] "
%cSee https://www.facebook.com/selfxss for more information. font-family:helvetica; font-size:20px; ", source: https://static.cdninstagram.com/rsrc.php/v4/yj/r/d7JxpQJeMD7.js (251)
[6140:4636:0830/130455.393:INFO:CONSOLE:251] "
%c ", source: https://static.cdninstagram.com/rsrc.php/v4/yj/r/d7JxpQJeMD7.js (251)
[8080:3408:0830/130455.400:ERROR:gpu\command_buffer\service\gles2_cmd_decoder_passthrough.cc:1096] [GroupMarkerNotSet(crbug.com/242999)!:A08030006C590000]Automatic fallback to software WebGL has been deprecated. Please use the --enable-unsafe-swiftshader (about:flags#enable-unsafe-swiftshader) flag to opt in to lower security guarantees for trusted content.
[6140:4636:0830/130455.405:INFO:CONSOLE:0] "[GroupMarkerNotSet(crbug.com/242999)!:A08030006C590000]Automatic fallback to software WebGL has been deprecated. Please use the --enable-unsafe-swiftshader (about:flags#enable-unsafe-swiftshader) flag to opt in to lower security guarantees for trusted content.", source: https://www.instagram.com/ (0)
[6140:4636:0830/130458.098:INFO:CONSOLE:89] "ErrorUtils caught an error:

DTSG response is not valid: {"__ar":1,"error":1357004,"errorSummary":"Sorry, something went wrong","errorDescription":"Please try closing and re-opening your browser window.","isNotCritical":1,"rid":"AUt0FqABosBdfvghe4CH8KC","payload":null,"lid":"7544286570658538728"}'

Subsequent non-fatal errors won't be logged; see https://fburl.com/debugjs. [object Object]", source: https://static.cdninstagram.com/rsrc.php/v4/yJ/r/4d87Nniy-FP.js (89)
[6140:1356:0830/130458.830:ERROR:components\system_cpu\cpu_probe_win.cc:112] PdhAddEnglishCounter failed for '\Processor(_Total)\% Processor Time': Error (0x13D) while retrieving error. (0xC0000BB8)
[6140:4636:0830/130459.423:INFO:CONSOLE:247] "Permissions policy violation: unload is not allowed in this document.", source: https://static.xx.fbcdn.net/rsrc.php/v4/yK/r/b6yL_if1L7S.js?_nc_eui2=AeE4UYj0vmYuZTk1_79DcOLyWnX2bP_Ef79adfZs_8R_v_sDcxSbk5z5nmxPujl-Exsjk19IeQSXzmi7DxGuTBWy (247)
[6140:4636:0830/130508.128:INFO:CONSOLE:251] "
%cStop! font-family:helvetica; font-size:20px; font-size:50px; font-weight:bold; color:red; -webkit-text-stroke:1px black;", source: https://static.cdninstagram.com/rsrc.php/v4/yj/r/d7JxpQJeMD7.js (251)
[6140:4636:0830/130508.128:INFO:CONSOLE:251] "
%cThis is a browser feature intended for developers. If someone told you to copy-paste something here to enable an Instagram feature or "hack" someone's account, it is a scam and will give them access to your Instagram account. font-family:helvetica; font-size:20px; ", source: https://static.cdninstagram.com/rsrc.php/v4/yj/r/d7JxpQJeMD7.js (251)
[6140:4636:0830/130508.128:INFO:CONSOLE:251] "
%cSee https://www.facebook.com/selfxss for more information. font-family:helvetica; font-size:20px; ", source: https://static.cdninstagram.com/rsrc.php/v4/yj/r/d7JxpQJeMD7.js (251)
[6140:4636:0830/130508.128:INFO:CONSOLE:251] "
%c ", source: https://static.cdninstagram.com/rsrc.php/v4/yj/r/d7JxpQJeMD7.js (251)
[6140:4636:0830/130508.357:INFO:CONSOLE:0] "Banner not shown: beforeinstallpromptevent.preventDefault() called. The page must call beforeinstallpromptevent.prompt() to show the banner.", source: https://www.instagram.com/explore/search/keyword/?q=%23ialam (0)
[8080:3408:0830/130508.702:ERROR:gpu\command_buffer\service\gles2_cmd_decoder_passthrough.cc:1096] [GroupMarkerNotSet(crbug.com/242999)!:A0B030006C590000]Automatic fallback to software WebGL has been deprecated. Please use the --enable-unsafe-swiftshader (about:flags#enable-unsafe-swiftshader) flag to opt in to lower security guarantees for trusted content.
[6140:4636:0830/130508.715:INFO:CONSOLE:0] "[GroupMarkerNotSet(crbug.com/242999)!:A0B030006C590000]Automatic fallback to software WebGL has been deprecated. Please use the --enable-unsafe-swiftshader (about:flags#enable-unsafe-swiftshader) flag to opt in to lower security guarantees for trusted content.", source: https://www.instagram.com/explore/search/keyword/?q=%23ialam (0)
[6140:4636:0830/130510.404:INFO:CONSOLE:89] "ErrorUtils caught an error:

DTSG response is not valid: {"__ar":1,"error":1357004,"errorSummary":"Sorry, something went wrong","errorDescription":"Please try closing and re-opening your browser window.","isNotCritical":1,"rid":"A_RTecW1FsK8VnpiNJamCtz","payload":null,"lid":"7544286627554192329"}'

Subsequent non-fatal errors won't be logged; see https://fburl.com/debugjs. [object Object]", source: https://static.cdninstagram.com/rsrc.php/v4/yJ/r/4d87Nniy-FP.js (89)
[3232:4248:0830/130510.919:WARNING:net\spdy\spdy_session.cc:3054] Received HEADERS for invalid stream 5
[6140:4636:0830/130512.188:INFO:CONSOLE:247] "Permissions policy violation: unload is not allowed in this document.", source: https://static.xx.fbcdn.net/rsrc.php/v4/yK/r/b6yL_if1L7S.js?_nc_eui2=AeE4UYj0vmYuZTk1_79DcOLyWnX2bP_Ef79adfZs_8R_v_sDcxSbk5z5nmxPujl-Exsjk19IeQSXzmi7DxGuTBWy (247)
[6140:10860:0830/130513.838:ERROR:components\system_cpu\cpu_probe_win.cc:112] PdhAddEnglishCounter failed for '\Processor(_Total)\% Processor Time': Error (0x13D) while retrieving error. (0xC0000BB8)
[6140:1356:0830/130528.844:ERROR:components\system_cpu\cpu_probe_win.cc:112] PdhAddEnglishCounter failed for '\Processor(_Total)\% Processor Time': Error (0x13D) while retrieving error. (0xC0000BB8)
[6140:2524:0830/130534.104:ERROR:google_apis\gcm\engine\registration_request.cc:291] Registration response error message: DEPRECATED_ENDPOINT
[6140:4636:0830/130536.069:INFO:CONSOLE:251] "
%cStop! font-family:helvetica; font-size:20px; font-size:50px; font-weight:bold; color:red; -webkit-text-stroke:1px black;", source: https://static.cdninstagram.com/rsrc.php/v4/yj/r/d7JxpQJeMD7.js (251)
[6140:4636:0830/130536.069:INFO:CONSOLE:251] "
%cThis is a browser feature intended for developers. If someone told you to copy-paste something here to enable an Instagram feature or "hack" someone's account, it is a scam and will give them access to your Instagram account. font-family:helvetica; font-size:20px; ", source: https://static.cdninstagram.com/rsrc.php/v4/yj/r/d7JxpQJeMD7.js (251)
[6140:4636:0830/130536.069:INFO:CONSOLE:251] "
%cSee https://www.facebook.com/selfxss for more information. font-family:helvetica; font-size:20px; ", source: https://static.cdninstagram.com/rsrc.php/v4/yj/r/d7JxpQJeMD7.js (251)
[6140:4636:0830/130536.069:INFO:CONSOLE:251] "
%c ", source: https://static.cdninstagram.com/rsrc.php/v4/yj/r/d7JxpQJeMD7.js (251)
[6140:4636:0830/130536.091:INFO:CONSOLE:0] "Banner not shown: beforeinstallpromptevent.preventDefault() called. The page must call beforeinstallpromptevent.prompt() to show the banner.", source: https://www.instagram.com/p/Cv4XO5HoEng/ (0)
[8080:3408:0830/130536.117:ERROR:gpu\command_buffer\service\gles2_cmd_decoder_passthrough.cc:1096] [GroupMarkerNotSet(crbug.com/242999)!:A0802D006C590000]Automatic fallback to software WebGL has been deprecated. Please use the --enable-unsafe-swiftshader (about:flags#enable-unsafe-swiftshader) flag to opt in to lower security guarantees for trusted content.
[6140:4636:0830/130536.122:INFO:CONSOLE:0] "[GroupMarkerNotSet(crbug.com/242999)!:A0802D006C590000]Automatic fallback to software WebGL has been deprecated. Please use the --enable-unsafe-swiftshader (about:flags#enable-unsafe-swiftshader) flag to opt in to lower security guarantees for trusted content.", source: https://www.instagram.com/p/Cv4XO5HoEng/ (0)
[6140:4636:0830/130537.645:INFO:CONSOLE:89] "ErrorUtils caught an error:

DTSG response is not valid: {"__ar":1,"error":1357004,"errorSummary":"Sorry, something went wrong","errorDescription":"Please try closing and re-opening your browser window.","isNotCritical":1,"rid":"AUhVmJ7kDy4By5IJWKZQDdi","payload":null,"lid":"7544286743514842732"}'

Subsequent non-fatal errors won't be logged; see https://fburl.com/debugjs. [object Object]", source: https://static.cdninstagram.com/rsrc.php/v4/yJ/r/4d87Nniy-FP.js (89)
[6140:4636:0830/130539.546:INFO:CONSOLE:247] "Permissions policy violation: unload is not allowed in this document.", source: https://static.xx.fbcdn.net/rsrc.php/v4/yK/r/b6yL_if1L7S.js?_nc_eui2=AeE4UYj0vmYuZTk1_79DcOLyWnX2bP_Ef79adfZs_8R_v_sDcxSbk5z5nmxPujl-Exsjk19IeQSXzmi7DxGuTBWy (247)
[6140:10860:0830/130543.847:ERROR:components\system_cpu\cpu_probe_win.cc:112] PdhAddEnglishCounter failed for '\Processor(_Total)\% Processor Time': Error (0x13D) while retrieving error. (0xC0000BB8)
