[8868:9048:0830/125148.217:INFO:components\enterprise\browser\controller\chrome_browser_cloud_management_controller.cc:202] No machine level policy manager exists.
[3284:4908:0830/125149.088:ERROR:ui\gl\direct_composition_support.cc:879] CheckFormatSupport failed: Unspecified error (0x80004005)
[8868:7172:0830/125152.544:ERROR:components\system_cpu\cpu_probe_win.cc:112] PdhAddEnglishCounter failed for '\Processor(_Total)\% Processor Time': Error (0x13D) while retrieving error. (0xC0000BB8)
[8868:4800:0830/125152.544:ERROR:components\system_cpu\cpu_probe_win.cc:112] PdhAddEnglishCounter failed for '\Processor(_Total)\% Processor Time': Error (0x13D) while retrieving error. (0xC0000BB8)
[8868:9048:0830/125153.186:WARNING:chrome\browser\performance_manager\policies\page_discarding_helper.cc:137] Discarding multiple pages with target (kb): 0, discard_protected_tabs: 0
[8868:9048:0830/125153.480:INFO:CONSOLE:0] "[DOM] Input elements should have autocomplete attributes (suggested: "current-password"): (More info: https://goo.gl/9p2vKq) %o", source: https://www.facebook.com/ (0)
[8868:9048:0830/125153.825:INFO:CONSOLE:0] "
%cStop! font-family:helvetica; font-size:20px; font-size:50px; font-weight:bold; color:red; -webkit-text-stroke:1px black;", source:  (0)
[8868:9048:0830/125153.826:INFO:CONSOLE:0] "
%cThis is a browser feature intended for developers. If someone told you to copy and paste something here to enable a Facebook feature or "hack" someone's account, it is a scam and will give them access to your Facebook account. font-family:helvetica; font-size:20px; ", source:  (0)
[8868:9048:0830/125153.826:INFO:CONSOLE:0] "
%cSee https://www.facebook.com/selfxss for more information. font-family:helvetica; font-size:20px; ", source:  (0)
[8868:9048:0830/125153.827:INFO:CONSOLE:0] "
%c ", source:  (0)
[8868:6200:0830/125159.283:ERROR:google_apis\gcm\engine\registration_request.cc:291] Registration response error message: PHONE_REGISTRATION_ERROR
[8868:6200:0830/125159.284:ERROR:google_apis\gcm\engine\registration_request.cc:291] Registration response error message: PHONE_REGISTRATION_ERROR
[8868:7196:0830/125203.189:ERROR:components\system_cpu\cpu_probe_win.cc:112] PdhAddEnglishCounter failed for '\Processor(_Total)\% Processor Time': Error (0x13D) while retrieving error. (0xC0000BB8)
[8868:9048:0830/125203.205:WARNING:chrome\browser\performance_manager\policies\page_discarding_helper.cc:137] Discarding multiple pages with target (kb): 0, discard_protected_tabs: 0
[8868:9048:0830/125208.211:WARNING:chrome\browser\performance_manager\policies\page_discarding_helper.cc:137] Discarding multiple pages with target (kb): 0, discard_protected_tabs: 0
[8868:9048:0830/125213.221:WARNING:chrome\browser\performance_manager\policies\page_discarding_helper.cc:137] Discarding multiple pages with target (kb): 0, discard_protected_tabs: 0
[8868:7196:0830/125218.200:ERROR:components\system_cpu\cpu_probe_win.cc:112] PdhAddEnglishCounter failed for '\Processor(_Total)\% Processor Time': Error (0x13D) while retrieving error. (0xC0000BB8)
[8868:9048:0830/125218.231:WARNING:chrome\browser\performance_manager\policies\page_discarding_helper.cc:137] Discarding multiple pages with target (kb): 0, discard_protected_tabs: 0
[8868:6200:0830/125219.831:ERROR:google_apis\gcm\engine\registration_request.cc:291] Registration response error message: DEPRECATED_ENDPOINT
[8868:9048:0830/125223.242:WARNING:chrome\browser\performance_manager\policies\page_discarding_helper.cc:137] Discarding multiple pages with target (kb): 0, discard_protected_tabs: 0
[8868:9048:0830/125228.243:WARNING:chrome\browser\performance_manager\policies\page_discarding_helper.cc:137] Discarding multiple pages with target (kb): 0, discard_protected_tabs: 0
[8868:9048:0830/125229.133:ERROR:mojo\public\cpp\bindings\lib\interface_endpoint_client.cc:732] Message 5 rejected by interface blink.mojom.WidgetHost
[8868:7196:0830/125233.211:ERROR:components\system_cpu\cpu_probe_win.cc:112] PdhAddEnglishCounter failed for '\Processor(_Total)\% Processor Time': Error (0x13D) while retrieving error. (0xC0000BB8)
[8868:9048:0830/125233.243:WARNING:chrome\browser\performance_manager\policies\page_discarding_helper.cc:137] Discarding multiple pages with target (kb): 0, discard_protected_tabs: 0
[8868:9048:0830/125234.057:INFO:CONSOLE:77] "ErrorUtils caught an error:

Minified React error #418; visit https://react.dev/errors/418?args[]=text&args[]= for the full message or use the non-minified dev environment for full errors and additional helpful warnings.

Subsequent non-fatal errors won't be logged; see https://fburl.com/debugjs. [object Object]", source: https://static.xx.fbcdn.net/rsrc.php/v4/yK/r/b6yL_if1L7S.js?_nc_eui2=AeE4UYj0vmYuZTk1_79DcOLyWnX2bP_Ef79adfZs_8R_v_sDcxSbk5z5nmxPujl-Exsjk19IeQSXzmi7DxGuTBWy (77)
[8868:9048:0830/125234.061:INFO:CONSOLE:1090] "Uncaught Error: Minified React error #418; visit https://react.dev/errors/418?args[]=text&args[]= for the full message or use the non-minified dev environment for full errors and additional helpful warnings.", source: https://static.xx.fbcdn.net/rsrc.php/v4iqfB4/yI/l/en_US-j/4dWav8LIuWOLB63hgcAM8pvHWUiktjtif74duJfj6wL6O92zE7KaTaDwAF4mldem6sUTbtAWUp7N271i4BRdyg54Cl4jmoIOedK7gcWVqqsE-9EtjvkCHrOhtzVe9KbUh4TjV4C1JMDQsNHNZJb0Q96yjI6_KXbpNk8QyVCwUyqLr_F64i0DhS8SoFESkXSP8o0Fv3pVU9sQPi4cqXjtXX_bY3ErWGNHexPvNjcQhliGNCbgefIr0_f4kzI0YyemhxcbRvNxFV0ImKX7euy6Oi-PFfhC1qkXkQTzbZ7b_.js?_nc_eui2=AeHIIyMK12AHwjonNbZcrwPpxRFuhRRV9I3FEW6FFFX0jTS4zJNjcK6LMlIuJD3yR-2lC-yorlJVUz223e2R0BHD (1090)
[8868:9048:0830/125235.162:INFO:CONSOLE:251] "
%cStop! font-family:helvetica; font-size:20px; font-size:50px; font-weight:bold; color:red; -webkit-text-stroke:1px black;", source: https://static.xx.fbcdn.net/rsrc.php/v4/yK/r/b6yL_if1L7S.js?_nc_eui2=AeE4UYj0vmYuZTk1_79DcOLyWnX2bP_Ef79adfZs_8R_v_sDcxSbk5z5nmxPujl-Exsjk19IeQSXzmi7DxGuTBWy (251)
[8868:9048:0830/125235.162:INFO:CONSOLE:251] "
%cThis is a browser feature intended for developers. If someone told you to copy-paste something here to enable a Facebook feature or "hack" someone's account, it is a scam and will give them access to your Facebook account. font-family:helvetica; font-size:20px; ", source: https://static.xx.fbcdn.net/rsrc.php/v4/yK/r/b6yL_if1L7S.js?_nc_eui2=AeE4UYj0vmYuZTk1_79DcOLyWnX2bP_Ef79adfZs_8R_v_sDcxSbk5z5nmxPujl-Exsjk19IeQSXzmi7DxGuTBWy (251)
[8868:9048:0830/125235.162:INFO:CONSOLE:251] "
%cSee https://www.facebook.com/selfxss for more information. font-family:helvetica; font-size:20px; ", source: https://static.xx.fbcdn.net/rsrc.php/v4/yK/r/b6yL_if1L7S.js?_nc_eui2=AeE4UYj0vmYuZTk1_79DcOLyWnX2bP_Ef79adfZs_8R_v_sDcxSbk5z5nmxPujl-Exsjk19IeQSXzmi7DxGuTBWy (251)
[8868:9048:0830/125235.162:INFO:CONSOLE:251] "
%c ", source: https://static.xx.fbcdn.net/rsrc.php/v4/yK/r/b6yL_if1L7S.js?_nc_eui2=AeE4UYj0vmYuZTk1_79DcOLyWnX2bP_Ef79adfZs_8R_v_sDcxSbk5z5nmxPujl-Exsjk19IeQSXzmi7DxGuTBWy (251)
[8868:9048:0830/125238.253:WARNING:chrome\browser\performance_manager\policies\page_discarding_helper.cc:137] Discarding multiple pages with target (kb): 0, discard_protected_tabs: 0
[8868:9048:0830/125242.243:INFO:CONSOLE:49] "ErrorUtils caught an error:

Error performing FTS transaction

Subsequent non-fatal errors won't be logged; see https://fburl.com/debugjs. [object Object]", source: https://static.xx.fbcdn.net/rsrc.php/v4idYv4/yH/l/en_US-j/GzzMG1g9twQ.js?_nc_eui2=AeFdEJQ8lf1vjGVhPecne8E3Z50s6PuEvJtnnSzo-4S8mzU--NhyoVKCkAUkMlt0nostr-erM63vPDVeSULDURpO (49)
[8868:9048:0830/125243.256:WARNING:chrome\browser\performance_manager\policies\page_discarding_helper.cc:137] Discarding multiple pages with target (kb): 0, discard_protected_tabs: 0
[8868:7196:0830/125248.218:ERROR:components\system_cpu\cpu_probe_win.cc:112] PdhAddEnglishCounter failed for '\Processor(_Total)\% Processor Time': Error (0x13D) while retrieving error. (0xC0000BB8)
[8868:9048:0830/125248.264:WARNING:chrome\browser\performance_manager\policies\page_discarding_helper.cc:137] Discarding multiple pages with target (kb): 0, discard_protected_tabs: 0
[8868:9048:0830/125253.267:WARNING:chrome\browser\performance_manager\policies\page_discarding_helper.cc:137] Discarding multiple pages with target (kb): 0, discard_protected_tabs: 0
[8868:6200:0830/125301.460:ERROR:google_apis\gcm\engine\registration_request.cc:291] Registration response error message: DEPRECATED_ENDPOINT
[8868:7196:0830/125303.219:ERROR:components\system_cpu\cpu_probe_win.cc:112] PdhAddEnglishCounter failed for '\Processor(_Total)\% Processor Time': Error (0x13D) while retrieving error. (0xC0000BB8)
[8868:9048:0830/125303.275:WARNING:chrome\browser\performance_manager\policies\page_discarding_helper.cc:137] Discarding multiple pages with target (kb): 0, discard_protected_tabs: 0
[8868:9048:0830/125303.658:INFO:CONSOLE:251] "
%cStop! font-family:helvetica; font-size:20px; font-size:50px; font-weight:bold; color:red; -webkit-text-stroke:1px black;", source: https://static.xx.fbcdn.net/rsrc.php/v4/yK/r/b6yL_if1L7S.js?_nc_eui2=AeE4UYj0vmYuZTk1_79DcOLyWnX2bP_Ef79adfZs_8R_v_sDcxSbk5z5nmxPujl-Exsjk19IeQSXzmi7DxGuTBWy (251)
[8868:9048:0830/125303.658:INFO:CONSOLE:251] "
%cThis is a browser feature intended for developers. If someone told you to copy-paste something here to enable a Facebook feature or "hack" someone's account, it is a scam and will give them access to your Facebook account. font-family:helvetica; font-size:20px; ", source: https://static.xx.fbcdn.net/rsrc.php/v4/yK/r/b6yL_if1L7S.js?_nc_eui2=AeE4UYj0vmYuZTk1_79DcOLyWnX2bP_Ef79adfZs_8R_v_sDcxSbk5z5nmxPujl-Exsjk19IeQSXzmi7DxGuTBWy (251)
[8868:9048:0830/125303.658:INFO:CONSOLE:251] "
%cSee https://www.facebook.com/selfxss for more information. font-family:helvetica; font-size:20px; ", source: https://static.xx.fbcdn.net/rsrc.php/v4/yK/r/b6yL_if1L7S.js?_nc_eui2=AeE4UYj0vmYuZTk1_79DcOLyWnX2bP_Ef79adfZs_8R_v_sDcxSbk5z5nmxPujl-Exsjk19IeQSXzmi7DxGuTBWy (251)
[8868:9048:0830/125303.659:INFO:CONSOLE:251] "
%c ", source: https://static.xx.fbcdn.net/rsrc.php/v4/yK/r/b6yL_if1L7S.js?_nc_eui2=AeE4UYj0vmYuZTk1_79DcOLyWnX2bP_Ef79adfZs_8R_v_sDcxSbk5z5nmxPujl-Exsjk19IeQSXzmi7DxGuTBWy (251)
[8868:9048:0830/125308.476:WARNING:chrome\browser\performance_manager\policies\page_discarding_helper.cc:137] Discarding multiple pages with target (kb): 0, discard_protected_tabs: 0
[8868:7196:0830/125318.226:ERROR:components\system_cpu\cpu_probe_win.cc:112] PdhAddEnglishCounter failed for '\Processor(_Total)\% Processor Time': Error (0x13D) while retrieving error. (0xC0000BB8)
[8868:9048:0830/125318.479:WARNING:chrome\browser\performance_manager\policies\page_discarding_helper.cc:137] Discarding multiple pages with target (kb): 0, discard_protected_tabs: 0
[8868:9048:0830/125323.489:WARNING:chrome\browser\performance_manager\policies\page_discarding_helper.cc:137] Discarding multiple pages with target (kb): 0, discard_protected_tabs: 0
[8868:9048:0830/125328.490:WARNING:chrome\browser\performance_manager\policies\page_discarding_helper.cc:137] Discarding multiple pages with target (kb): 0, discard_protected_tabs: 0
[8868:7196:0830/125333.234:ERROR:components\system_cpu\cpu_probe_win.cc:112] PdhAddEnglishCounter failed for '\Processor(_Total)\% Processor Time': Error (0x13D) while retrieving error. (0xC0000BB8)
[8868:9048:0830/125333.502:WARNING:chrome\browser\performance_manager\policies\page_discarding_helper.cc:137] Discarding multiple pages with target (kb): 0, discard_protected_tabs: 0
[8868:9048:0830/125342.848:INFO:CONSOLE:251] "
%cStop! font-family:helvetica; font-size:20px; font-size:50px; font-weight:bold; color:red; -webkit-text-stroke:1px black;", source: https://static.xx.fbcdn.net/rsrc.php/v4/yK/r/b6yL_if1L7S.js?_nc_eui2=AeE4UYj0vmYuZTk1_79DcOLyWnX2bP_Ef79adfZs_8R_v_sDcxSbk5z5nmxPujl-Exsjk19IeQSXzmi7DxGuTBWy (251)
[8868:9048:0830/125342.849:INFO:CONSOLE:251] "
%cThis is a browser feature intended for developers. If someone told you to copy-paste something here to enable a Facebook feature or "hack" someone's account, it is a scam and will give them access to your Facebook account. font-family:helvetica; font-size:20px; ", source: https://static.xx.fbcdn.net/rsrc.php/v4/yK/r/b6yL_if1L7S.js?_nc_eui2=AeE4UYj0vmYuZTk1_79DcOLyWnX2bP_Ef79adfZs_8R_v_sDcxSbk5z5nmxPujl-Exsjk19IeQSXzmi7DxGuTBWy (251)
[8868:9048:0830/125342.849:INFO:CONSOLE:251] "
%cSee https://www.facebook.com/selfxss for more information. font-family:helvetica; font-size:20px; ", source: https://static.xx.fbcdn.net/rsrc.php/v4/yK/r/b6yL_if1L7S.js?_nc_eui2=AeE4UYj0vmYuZTk1_79DcOLyWnX2bP_Ef79adfZs_8R_v_sDcxSbk5z5nmxPujl-Exsjk19IeQSXzmi7DxGuTBWy (251)
[8868:9048:0830/125342.851:INFO:CONSOLE:251] "
%c ", source: https://static.xx.fbcdn.net/rsrc.php/v4/yK/r/b6yL_if1L7S.js?_nc_eui2=AeE4UYj0vmYuZTk1_79DcOLyWnX2bP_Ef79adfZs_8R_v_sDcxSbk5z5nmxPujl-Exsjk19IeQSXzmi7DxGuTBWy (251)
[8868:7196:0830/125348.203:ERROR:components\system_cpu\cpu_probe_win.cc:112] PdhAddEnglishCounter failed for '\Processor(_Total)\% Processor Time': Error (0x13D) while retrieving error. (0xC0000BB8)
[8868:7196:0830/125348.233:ERROR:components\system_cpu\cpu_probe_win.cc:112] PdhAddEnglishCounter failed for '\Processor(_Total)\% Processor Time': Error (0x13D) while retrieving error. (0xC0000BB8)
[8868:9048:0830/125348.522:WARNING:chrome\browser\performance_manager\policies\page_discarding_helper.cc:137] Discarding multiple pages with target (kb): 0, discard_protected_tabs: 0
[8868:9048:0830/125353.538:WARNING:chrome\browser\performance_manager\policies\page_discarding_helper.cc:137] Discarding multiple pages with target (kb): 0, discard_protected_tabs: 0
[8868:9048:0830/125359.262:INFO:CONSOLE:77] "ErrorUtils caught an error:

Got a null or invalid globe focus type.

Subsequent non-fatal errors won't be logged; see https://fburl.com/debugjs. [object Object]", source: https://static.xx.fbcdn.net/rsrc.php/v4/yK/r/b6yL_if1L7S.js?_nc_eui2=AeE4UYj0vmYuZTk1_79DcOLyWnX2bP_Ef79adfZs_8R_v_sDcxSbk5z5nmxPujl-Exsjk19IeQSXzmi7DxGuTBWy (77)
[8868:7196:0830/125403.246:ERROR:components\system_cpu\cpu_probe_win.cc:112] PdhAddEnglishCounter failed for '\Processor(_Total)\% Processor Time': Error (0x13D) while retrieving error. (0xC0000BB8)
[8868:9048:0830/125408.549:WARNING:chrome\browser\performance_manager\policies\page_discarding_helper.cc:137] Discarding multiple pages with target (kb): 0, discard_protected_tabs: 0
[8868:7196:0830/125418.260:ERROR:components\system_cpu\cpu_probe_win.cc:112] PdhAddEnglishCounter failed for '\Processor(_Total)\% Processor Time': Error (0x13D) while retrieving error. (0xC0000BB8)
[8868:9048:0830/125418.561:WARNING:chrome\browser\performance_manager\policies\page_discarding_helper.cc:137] Discarding multiple pages with target (kb): 0, discard_protected_tabs: 0
[8868:9048:0830/125428.587:WARNING:chrome\browser\performance_manager\policies\page_discarding_helper.cc:137] Discarding multiple pages with target (kb): 0, discard_protected_tabs: 0
[8868:7196:0830/125433.267:ERROR:components\system_cpu\cpu_probe_win.cc:112] PdhAddEnglishCounter failed for '\Processor(_Total)\% Processor Time': Error (0x13D) while retrieving error. (0xC0000BB8)
[8868:9048:0830/125433.598:WARNING:chrome\browser\performance_manager\policies\page_discarding_helper.cc:137] Discarding multiple pages with target (kb): 0, discard_protected_tabs: 0
[8868:9048:0830/125438.600:WARNING:chrome\browser\performance_manager\policies\page_discarding_helper.cc:137] Discarding multiple pages with target (kb): 0, discard_protected_tabs: 0
[8868:9048:0830/125443.615:WARNING:chrome\browser\performance_manager\policies\page_discarding_helper.cc:137] Discarding multiple pages with target (kb): 0, discard_protected_tabs: 0
[8868:7196:0830/125448.278:ERROR:components\system_cpu\cpu_probe_win.cc:112] PdhAddEnglishCounter failed for '\Processor(_Total)\% Processor Time': Error (0x13D) while retrieving error. (0xC0000BB8)
[8868:9048:0830/125448.527:ERROR:services\on_device_model\public\cpp\service_client.cc:36] Unexpected on_device_model service disconnect: The device's GPU is not supported.
[8868:9048:0830/125448.627:WARNING:chrome\browser\performance_manager\policies\page_discarding_helper.cc:137] Discarding multiple pages with target (kb): 0, discard_protected_tabs: 0
[8868:9048:0830/125453.641:WARNING:chrome\browser\performance_manager\policies\page_discarding_helper.cc:137] Discarding multiple pages with target (kb): 0, discard_protected_tabs: 0
[8868:6200:0830/125458.565:ERROR:google_apis\gcm\engine\registration_request.cc:291] Registration response error message: DEPRECATED_ENDPOINT
[8868:9048:0830/125458.650:WARNING:chrome\browser\performance_manager\policies\page_discarding_helper.cc:137] Discarding multiple pages with target (kb): 0, discard_protected_tabs: 0
[8868:7196:0830/125503.294:ERROR:components\system_cpu\cpu_probe_win.cc:112] PdhAddEnglishCounter failed for '\Processor(_Total)\% Processor Time': Error (0x13D) while retrieving error. (0xC0000BB8)
[8868:9048:0830/125503.658:WARNING:chrome\browser\performance_manager\policies\page_discarding_helper.cc:137] Discarding multiple pages with target (kb): 0, discard_protected_tabs: 0
[8868:9048:0830/125508.673:WARNING:chrome\browser\performance_manager\policies\page_discarding_helper.cc:137] Discarding multiple pages with target (kb): 0, discard_protected_tabs: 0
[8868:9048:0830/125513.677:WARNING:chrome\browser\performance_manager\policies\page_discarding_helper.cc:137] Discarding multiple pages with target (kb): 0, discard_protected_tabs: 0
[8868:7196:0830/125518.302:ERROR:components\system_cpu\cpu_probe_win.cc:112] PdhAddEnglishCounter failed for '\Processor(_Total)\% Processor Time': Error (0x13D) while retrieving error. (0xC0000BB8)
[8868:9048:0830/125528.703:WARNING:chrome\browser\performance_manager\policies\page_discarding_helper.cc:137] Discarding multiple pages with target (kb): 0, discard_protected_tabs: 0
[8868:7196:0830/125533.306:ERROR:components\system_cpu\cpu_probe_win.cc:112] PdhAddEnglishCounter failed for '\Processor(_Total)\% Processor Time': Error (0x13D) while retrieving error. (0xC0000BB8)
[8868:7172:0830/125548.205:ERROR:components\system_cpu\cpu_probe_win.cc:112] PdhAddEnglishCounter failed for '\Processor(_Total)\% Processor Time': Error (0x13D) while retrieving error. (0xC0000BB8)
[8868:7196:0830/125548.311:ERROR:components\system_cpu\cpu_probe_win.cc:112] PdhAddEnglishCounter failed for '\Processor(_Total)\% Processor Time': Error (0x13D) while retrieving error. (0xC0000BB8)
[8868:9048:0830/125548.741:WARNING:chrome\browser\performance_manager\policies\page_discarding_helper.cc:137] Discarding multiple pages with target (kb): 0, discard_protected_tabs: 0
[8868:9048:0830/125600.288:INFO:CONSOLE:251] "
%cStop! font-family:helvetica; font-size:20px; font-size:50px; font-weight:bold; color:red; -webkit-text-stroke:1px black;", source: https://static.xx.fbcdn.net/rsrc.php/v4/yK/r/b6yL_if1L7S.js?_nc_eui2=AeE4UYj0vmYuZTk1_79DcOLyWnX2bP_Ef79adfZs_8R_v_sDcxSbk5z5nmxPujl-Exsjk19IeQSXzmi7DxGuTBWy (251)
[8868:9048:0830/125600.288:INFO:CONSOLE:251] "
%cThis is a browser feature intended for developers. If someone told you to copy-paste something here to enable a Facebook feature or "hack" someone's account, it is a scam and will give them access to your Facebook account. font-family:helvetica; font-size:20px; ", source: https://static.xx.fbcdn.net/rsrc.php/v4/yK/r/b6yL_if1L7S.js?_nc_eui2=AeE4UYj0vmYuZTk1_79DcOLyWnX2bP_Ef79adfZs_8R_v_sDcxSbk5z5nmxPujl-Exsjk19IeQSXzmi7DxGuTBWy (251)
[8868:9048:0830/125600.289:INFO:CONSOLE:251] "
%cSee https://www.facebook.com/selfxss for more information. font-family:helvetica; font-size:20px; ", source: https://static.xx.fbcdn.net/rsrc.php/v4/yK/r/b6yL_if1L7S.js?_nc_eui2=AeE4UYj0vmYuZTk1_79DcOLyWnX2bP_Ef79adfZs_8R_v_sDcxSbk5z5nmxPujl-Exsjk19IeQSXzmi7DxGuTBWy (251)
[8868:9048:0830/125600.289:INFO:CONSOLE:251] "
%c ", source: https://static.xx.fbcdn.net/rsrc.php/v4/yK/r/b6yL_if1L7S.js?_nc_eui2=AeE4UYj0vmYuZTk1_79DcOLyWnX2bP_Ef79adfZs_8R_v_sDcxSbk5z5nmxPujl-Exsjk19IeQSXzmi7DxGuTBWy (251)
[8868:7196:0830/125603.317:ERROR:components\system_cpu\cpu_probe_win.cc:112] PdhAddEnglishCounter failed for '\Processor(_Total)\% Processor Time': Error (0x13D) while retrieving error. (0xC0000BB8)
[8868:9048:0830/125603.762:WARNING:chrome\browser\performance_manager\policies\page_discarding_helper.cc:137] Discarding multiple pages with target (kb): 0, discard_protected_tabs: 0
[8868:9048:0830/125608.763:WARNING:chrome\browser\performance_manager\policies\page_discarding_helper.cc:137] Discarding multiple pages with target (kb): 0, discard_protected_tabs: 0
