[2124:9176:0830/125703.377:INFO:components\enterprise\browser\controller\chrome_browser_cloud_management_controller.cc:202] No machine level policy manager exists.
[2124:9176:0830/125708.346:WARNING:chrome\browser\performance_manager\policies\page_discarding_helper.cc:137] Discarding multiple pages with target (kb): 0, discard_protected_tabs: 0
[2028:10612:0830/125709.528:ERROR:gpu\command_buffer\service\gles2_cmd_decoder_passthrough.cc:1096] [GroupMarkerNotSet(crbug.com/242999)!:A0002E000C730000]Automatic fallback to software WebGL has been deprecated. Please use the --enable-unsafe-swiftshader (about:flags#enable-unsafe-swiftshader) flag to opt in to lower security guarantees for trusted content.
[2028:10612:0830/125709.703:ERROR:gpu\command_buffer\service\gles2_cmd_decoder_passthrough.cc:1096] [GroupMarkerNotSet(crbug.com/242999)!:A0302E000C730000]Automatic fallback to software WebGL has been deprecated. Please use the --enable-unsafe-swiftshader (about:flags#enable-unsafe-swiftshader) flag to opt in to lower security guarantees for trusted content.
[2028:10612:0830/125710.398:ERROR:gpu\command_buffer\service\webgpu_decoder_impl.cc:1670] Failed to query ID3D11Device from ANGLE.
[2124:9176:0830/125710.579:INFO:CONSOLE:347] "[GroupMarkerNotSet(crbug.com/242999)!:A0002E000C730000]Automatic fallback to software WebGL has been deprecated. Please use the --enable-unsafe-swiftshader (about:flags#enable-unsafe-swiftshader) flag to opt in to lower security guarantees for trusted content.", source: https://x.com/login (347)
[2124:9176:0830/125710.583:INFO:CONSOLE:347] "[GroupMarkerNotSet(crbug.com/242999)!:A0302E000C730000]Automatic fallback to software WebGL has been deprecated. Please use the --enable-unsafe-swiftshader (about:flags#enable-unsafe-swiftshader) flag to opt in to lower security guarantees for trusted content.", source: https://x.com/login (347)
[2124:9176:0830/125710.708:INFO:CONSOLE:359] "No available adapters.", source: https://x.com/login (359)
[2124:9176:0830/125711.761:INFO:CONSOLE:1] "Error", source: https://abs.twimg.com/responsive-web/client-web/main.8e00a9aa.js (1)
[2124:9176:0830/125713.332:WARNING:chrome\browser\performance_manager\policies\page_discarding_helper.cc:137] Discarding multiple pages with target (kb): 0, discard_protected_tabs: 0
[6876:3328:0830/125713.552:INFO:third_party\blink\renderer\modules\peerconnection\peer_connection_dependency_factory.cc:802] Running WebRTC with a combined Network and Worker thread.
[2028:10612:0830/125714.408:ERROR:gpu\command_buffer\service\gles2_cmd_decoder_passthrough.cc:1096] [GroupMarkerNotSet(crbug.com/242999)!:A0602E000C730000]Automatic fallback to software WebGL has been deprecated. Please use the --enable-unsafe-swiftshader (about:flags#enable-unsafe-swiftshader) flag to opt in to lower security guarantees for trusted content.
[2124:9176:0830/125716.613:INFO:CONSOLE:1] "Slow network is detected. See https://www.chromestatus.com/feature/5636954674692096 for more details. Fallback font will be used while loading: https://abs.twimg.com/responsive-web/client-web/Chirp-Bold.ebb56aba.woff2", source: https://abs.twimg.com/responsive-web/client-web/main.8e00a9aa.js (1)
[2124:9176:0830/125716.613:INFO:CONSOLE:1] "Slow network is detected. See https://www.chromestatus.com/feature/5636954674692096 for more details. Fallback font will be used while loading: https://abs.twimg.com/responsive-web/client-web/Chirp-Regular.80fda27a.woff2", source: https://abs.twimg.com/responsive-web/client-web/main.8e00a9aa.js (1)
[2124:9176:0830/125717.333:INFO:CONSOLE:0] "Banner not shown: beforeinstallpromptevent.preventDefault() called. The page must call beforeinstallpromptevent.prompt() to show the banner.", source: https://x.com/login (0)
[2124:9176:0830/125718.331:WARNING:chrome\browser\performance_manager\policies\page_discarding_helper.cc:137] Discarding multiple pages with target (kb): 0, discard_protected_tabs: 0
[2124:9176:0830/125719.715:WARNING:chrome\browser\media\prefs\capture_device_ranking.h:255] Can't initialize the value of media.audio_input.user_preference_ranking because media.default_audio_capture_device isn't registered or is empty
[2124:9176:0830/125719.717:WARNING:chrome\browser\media\prefs\capture_device_ranking.h:255] Can't initialize the value of media.video_input.user_preference_ranking because media.default_video_capture_Device isn't registered or is empty
[2124:9176:0830/125722.503:INFO:CONSOLE:74] "[GSI_LOGGER]: Your client application uses one of the Google One Tap prompt UI status methods that may stop functioning when FedCM becomes mandatory. Refer to the migration guide to update your code accordingly and opt-in to FedCM to test your changes. Learn more: https://developers.google.com/identity/gsi/web/guides/fedcm-migration?s=dc#display_moment and https://developers.google.com/identity/gsi/web/guides/fedcm-migration?s=dc#skipped_moment", source: https://accounts.google.com/gsi/client (74)
[2124:9176:0830/125722.524:INFO:CONSOLE:0] "Not signed in with the identity provider.", source: https://x.com/i/flow/login (0)
[2124:9176:0830/125722.526:INFO:CONSOLE:75] "[GSI_LOGGER]: FedCM get() rejects with AbortError: signal is aborted without reason", source: https://accounts.google.com/gsi/client (75)
[2124:9176:0830/125722.526:INFO:CONSOLE:0] "Not signed in with the identity provider.", source: https://x.com/i/flow/login (0)
[2124:9176:0830/125722.526:INFO:CONSOLE:0] "Not signed in with the identity provider.", source: https://x.com/i/flow/login (0)
[2124:9176:0830/125722.528:INFO:CONSOLE:75] "[GSI_LOGGER]: FedCM get() rejects with AbortError: signal is aborted without reason", source: https://accounts.google.com/gsi/client (75)
[2124:9176:0830/125723.334:WARNING:chrome\browser\performance_manager\policies\page_discarding_helper.cc:137] Discarding multiple pages with target (kb): 0, discard_protected_tabs: 0
[2124:9176:0830/125724.195:INFO:CONSOLE:75] "[GSI_LOGGER]: FedCM get() rejects with NetworkError: Error retrieving a token.", source: https://accounts.google.com/gsi/client (75)
[2124:8404:0830/125725.304:ERROR:components\system_cpu\cpu_probe_win.cc:112] PdhAddEnglishCounter failed for '\Processor(_Total)\% Processor Time': Error (0x13D) while retrieving error. (0xC0000BB8)
[2124:4660:0830/125725.304:ERROR:components\system_cpu\cpu_probe_win.cc:112] PdhAddEnglishCounter failed for '\Processor(_Total)\% Processor Time': Error (0x13D) while retrieving error. (0xC0000BB8)
[2124:8404:0830/125725.308:ERROR:components\system_cpu\cpu_probe_win.cc:112] PdhAddEnglishCounter failed for '\Processor(_Total)\% Processor Time': Error (0x13D) while retrieving error. (0xC0000BB8)
[2124:9176:0830/125728.342:WARNING:chrome\browser\performance_manager\policies\page_discarding_helper.cc:137] Discarding multiple pages with target (kb): 0, discard_protected_tabs: 0
[2124:9176:0830/125733.345:WARNING:chrome\browser\performance_manager\policies\page_discarding_helper.cc:137] Discarding multiple pages with target (kb): 0, discard_protected_tabs: 0
[2124:8404:0830/125733.345:ERROR:components\system_cpu\cpu_probe_win.cc:112] PdhAddEnglishCounter failed for '\Processor(_Total)\% Processor Time': Error (0x13D) while retrieving error. (0xC0000BB8)
[2124:9176:0830/125738.357:WARNING:chrome\browser\performance_manager\policies\page_discarding_helper.cc:137] Discarding multiple pages with target (kb): 0, discard_protected_tabs: 0
[2124:1092:0830/125738.600:ERROR:google_apis\gcm\engine\registration_request.cc:291] Registration response error message: DEPRECATED_ENDPOINT
[2124:9176:0830/125743.372:WARNING:chrome\browser\performance_manager\policies\page_discarding_helper.cc:137] Discarding multiple pages with target (kb): 0, discard_protected_tabs: 0
[2124:9176:0830/125745.326:INFO:CONSOLE:0] "[DOM] Password field is not contained in a form: (More info: https://goo.gl/9p2vKq) %o", source: https://x.com/i/flow/login (0)
[2124:8404:0830/125748.351:ERROR:components\system_cpu\cpu_probe_win.cc:112] PdhAddEnglishCounter failed for '\Processor(_Total)\% Processor Time': Error (0x13D) while retrieving error. (0xC0000BB8)
[2124:9176:0830/125748.382:WARNING:chrome\browser\performance_manager\policies\page_discarding_helper.cc:137] Discarding multiple pages with target (kb): 0, discard_protected_tabs: 0
[2124:9176:0830/125753.396:WARNING:chrome\browser\performance_manager\policies\page_discarding_helper.cc:137] Discarding multiple pages with target (kb): 0, discard_protected_tabs: 0
[2028:10612:0830/125801.613:ERROR:gpu\command_buffer\service\gles2_cmd_decoder_passthrough.cc:1096] [GroupMarkerNotSet(crbug.com/242999)!:A0002E000C730000]Automatic fallback to software WebGL has been deprecated. Please use the --enable-unsafe-swiftshader (about:flags#enable-unsafe-swiftshader) flag to opt in to lower security guarantees for trusted content.
[2028:10612:0830/125801.645:ERROR:gpu\command_buffer\service\gles2_cmd_decoder_passthrough.cc:1096] [GroupMarkerNotSet(crbug.com/242999)!:A0602E000C730000]Automatic fallback to software WebGL has been deprecated. Please use the --enable-unsafe-swiftshader (about:flags#enable-unsafe-swiftshader) flag to opt in to lower security guarantees for trusted content.
[2124:9176:0830/125801.658:WARNING:chrome\browser\media\prefs\capture_device_ranking.h:255] Can't initialize the value of media.audio_input.user_preference_ranking because media.default_audio_capture_device isn't registered or is empty
[2124:9176:0830/125801.658:WARNING:chrome\browser\media\prefs\capture_device_ranking.h:255] Can't initialize the value of media.video_input.user_preference_ranking because media.default_video_capture_Device isn't registered or is empty
[2028:10612:0830/125801.678:ERROR:gpu\command_buffer\service\webgpu_decoder_impl.cc:1670] Failed to query ID3D11Device from ANGLE.
[2124:9176:0830/125801.821:INFO:CONSOLE:349] "[GroupMarkerNotSet(crbug.com/242999)!:A0002E000C730000]Automatic fallback to software WebGL has been deprecated. Please use the --enable-unsafe-swiftshader (about:flags#enable-unsafe-swiftshader) flag to opt in to lower security guarantees for trusted content.", source: https://x.com/home (349)
[2124:9176:0830/125801.824:INFO:CONSOLE:349] "[GroupMarkerNotSet(crbug.com/242999)!:A0602E000C730000]Automatic fallback to software WebGL has been deprecated. Please use the --enable-unsafe-swiftshader (about:flags#enable-unsafe-swiftshader) flag to opt in to lower security guarantees for trusted content.", source: https://x.com/home (349)
[2124:9176:0830/125801.837:INFO:CONSOLE:349] "No available adapters.", source: https://x.com/home (349)
[2028:10612:0830/125801.983:ERROR:gpu\command_buffer\service\gles2_cmd_decoder_passthrough.cc:1096] [GroupMarkerNotSet(crbug.com/242999)!:A0902E000C730000]Automatic fallback to software WebGL has been deprecated. Please use the --enable-unsafe-swiftshader (about:flags#enable-unsafe-swiftshader) flag to opt in to lower security guarantees for trusted content.
[2124:9176:0830/125801.992:INFO:CONSOLE:1] "Error", source: https://abs.twimg.com/responsive-web/client-web/main.8e00a9aa.js (1)
[2124:9176:0830/125802.003:INFO:CONSOLE:0] "[GroupMarkerNotSet(crbug.com/242999)!:A0902E000C730000]Automatic fallback to software WebGL has been deprecated. Please use the --enable-unsafe-swiftshader (about:flags#enable-unsafe-swiftshader) flag to opt in to lower security guarantees for trusted content.", source: https://x.com/home (0)
[6876:3328:0830/125802.069:INFO:third_party\blink\renderer\modules\peerconnection\peer_connection_dependency_factory.cc:802] Running WebRTC with a combined Network and Worker thread.
[6876:11052:0830/125802.108:WARNING:third_party\webrtc\media\engine\webrtc_voice_engine.cc:805] Attempting to stop aecdump when no audio processing module is present
[2124:1092:0830/125803.204:ERROR:google_apis\gcm\engine\registration_request.cc:291] Registration response error message: DEPRECATED_ENDPOINT
[2124:8404:0830/125803.361:ERROR:components\system_cpu\cpu_probe_win.cc:112] PdhAddEnglishCounter failed for '\Processor(_Total)\% Processor Time': Error (0x13D) while retrieving error. (0xC0000BB8)
[2124:9176:0830/125803.403:WARNING:chrome\browser\performance_manager\policies\page_discarding_helper.cc:137] Discarding multiple pages with target (kb): 0, discard_protected_tabs: 0
[11440:10864:0830/125806.419:WARNING:net\spdy\spdy_session.cc:3054] Received HEADERS for invalid stream 11
[2124:9176:0830/125806.863:INFO:CONSOLE:1] "Uncaught ReferenceError: t is not defined", source: blob:https://x.com/6d8a71d3-1a28-4eed-bda1-65271ca83ae7 (1)
[2124:9176:0830/125808.413:WARNING:chrome\browser\performance_manager\policies\page_discarding_helper.cc:137] Discarding multiple pages with target (kb): 0, discard_protected_tabs: 0
[2124:9176:0830/125813.420:WARNING:chrome\browser\performance_manager\policies\page_discarding_helper.cc:137] Discarding multiple pages with target (kb): 0, discard_protected_tabs: 0
[2028:10612:0830/125813.820:ERROR:gpu\command_buffer\service\gles2_cmd_decoder_passthrough.cc:1096] [GroupMarkerNotSet(crbug.com/242999)!:A0002E000C730000]Automatic fallback to software WebGL has been deprecated. Please use the --enable-unsafe-swiftshader (about:flags#enable-unsafe-swiftshader) flag to opt in to lower security guarantees for trusted content.
[2028:10612:0830/125813.851:ERROR:gpu\command_buffer\service\gles2_cmd_decoder_passthrough.cc:1096] [GroupMarkerNotSet(crbug.com/242999)!:A0602E000C730000]Automatic fallback to software WebGL has been deprecated. Please use the --enable-unsafe-swiftshader (about:flags#enable-unsafe-swiftshader) flag to opt in to lower security guarantees for trusted content.
[2124:9176:0830/125813.862:WARNING:chrome\browser\media\prefs\capture_device_ranking.h:255] Can't initialize the value of media.audio_input.user_preference_ranking because media.default_audio_capture_device isn't registered or is empty
[2124:9176:0830/125813.862:WARNING:chrome\browser\media\prefs\capture_device_ranking.h:255] Can't initialize the value of media.video_input.user_preference_ranking because media.default_video_capture_Device isn't registered or is empty
[2124:9176:0830/125813.898:INFO:CONSOLE:349] "[GroupMarkerNotSet(crbug.com/242999)!:A0002E000C730000]Automatic fallback to software WebGL has been deprecated. Please use the --enable-unsafe-swiftshader (about:flags#enable-unsafe-swiftshader) flag to opt in to lower security guarantees for trusted content.", source: https://x.com/search?q=%23Law&src=typed_query (349)
[2124:9176:0830/125813.899:INFO:CONSOLE:349] "[GroupMarkerNotSet(crbug.com/242999)!:A0602E000C730000]Automatic fallback to software WebGL has been deprecated. Please use the --enable-unsafe-swiftshader (about:flags#enable-unsafe-swiftshader) flag to opt in to lower security guarantees for trusted content.", source: https://x.com/search?q=%23Law&src=typed_query (349)
[2028:10612:0830/125813.880:ERROR:gpu\command_buffer\service\webgpu_decoder_impl.cc:1670] Failed to query ID3D11Device from ANGLE.
[2124:9176:0830/125814.211:INFO:CONSOLE:0] "No available adapters.", source: https://x.com/search?q=%23Law&src=typed_query (0)
[6876:3328:0830/125814.261:INFO:third_party\blink\renderer\modules\peerconnection\peer_connection_dependency_factory.cc:802] Running WebRTC with a combined Network and Worker thread.
[2028:10612:0830/125814.236:ERROR:gpu\command_buffer\service\gles2_cmd_decoder_passthrough.cc:1096] [GroupMarkerNotSet(crbug.com/242999)!:A0902E000C730000]Automatic fallback to software WebGL has been deprecated. Please use the --enable-unsafe-swiftshader (about:flags#enable-unsafe-swiftshader) flag to opt in to lower security guarantees for trusted content.
[2124:9176:0830/125814.282:INFO:CONSOLE:1] "Error", source: https://abs.twimg.com/responsive-web/client-web/main.8e00a9aa.js (1)
[2124:9176:0830/125814.293:INFO:CONSOLE:0] "[GroupMarkerNotSet(crbug.com/242999)!:A0902E000C730000]Automatic fallback to software WebGL has been deprecated. Please use the --enable-unsafe-swiftshader (about:flags#enable-unsafe-swiftshader) flag to opt in to lower security guarantees for trusted content.", source: https://x.com/search?q=%23Law&src=typed_query (0)
[6876:11052:0830/125814.403:WARNING:third_party\webrtc\media\engine\webrtc_voice_engine.cc:805] Attempting to stop aecdump when no audio processing module is present
[2124:8404:0830/125818.371:ERROR:components\system_cpu\cpu_probe_win.cc:112] PdhAddEnglishCounter failed for '\Processor(_Total)\% Processor Time': Error (0x13D) while retrieving error. (0xC0000BB8)
[2124:9176:0830/125818.433:WARNING:chrome\browser\performance_manager\policies\page_discarding_helper.cc:137] Discarding multiple pages with target (kb): 0, discard_protected_tabs: 0
[11440:10864:0830/125821.621:WARNING:net\spdy\spdy_session.cc:3054] Received HEADERS for invalid stream 11
[2124:9176:0830/125822.034:INFO:CONSOLE:1] "Uncaught ReferenceError: t is not defined", source: blob:https://x.com/3d6bf3d6-b87c-42f8-8ca7-fb7f69c18276 (1)
[2124:9176:0830/125823.435:WARNING:chrome\browser\performance_manager\policies\page_discarding_helper.cc:137] Discarding multiple pages with target (kb): 0, discard_protected_tabs: 0
[11440:10864:0830/125824.056:WARNING:net\spdy\spdy_session.cc:3054] Received HEADERS for invalid stream 5
[2124:9176:0830/125824.552:INFO:CONSOLE:1] "Uncaught ReferenceError: t is not defined", source: blob:https://x.com/3b009b85-d6d4-48e3-a82b-eb686b9f4aa7 (1)
[2124:9176:0830/125828.435:WARNING:chrome\browser\performance_manager\policies\page_discarding_helper.cc:137] Discarding multiple pages with target (kb): 0, discard_protected_tabs: 0
[2028:10612:0830/125829.375:ERROR:gpu\command_buffer\service\gles2_cmd_decoder_passthrough.cc:1096] [GroupMarkerNotSet(crbug.com/242999)!:A0002E000C730000]Automatic fallback to software WebGL has been deprecated. Please use the --enable-unsafe-swiftshader (about:flags#enable-unsafe-swiftshader) flag to opt in to lower security guarantees for trusted content.
[2028:10612:0830/125829.502:ERROR:gpu\command_buffer\service\gles2_cmd_decoder_passthrough.cc:1096] [GroupMarkerNotSet(crbug.com/242999)!:A0602E000C730000]Automatic fallback to software WebGL has been deprecated. Please use the --enable-unsafe-swiftshader (about:flags#enable-unsafe-swiftshader) flag to opt in to lower security guarantees for trusted content.
[2124:9176:0830/125829.519:WARNING:chrome\browser\media\prefs\capture_device_ranking.h:255] Can't initialize the value of media.audio_input.user_preference_ranking because media.default_audio_capture_device isn't registered or is empty
[2124:9176:0830/125829.519:WARNING:chrome\browser\media\prefs\capture_device_ranking.h:255] Can't initialize the value of media.video_input.user_preference_ranking because media.default_video_capture_Device isn't registered or is empty
[2028:10612:0830/125829.550:ERROR:gpu\command_buffer\service\webgpu_decoder_impl.cc:1670] Failed to query ID3D11Device from ANGLE.
[2124:9176:0830/125829.585:INFO:CONSOLE:349] "[GroupMarkerNotSet(crbug.com/242999)!:A0002E000C730000]Automatic fallback to software WebGL has been deprecated. Please use the --enable-unsafe-swiftshader (about:flags#enable-unsafe-swiftshader) flag to opt in to lower security guarantees for trusted content.", source: https://x.com/ekamnyaay/status/1957324117796942212 (349)
[2124:9176:0830/125829.588:INFO:CONSOLE:349] "[GroupMarkerNotSet(crbug.com/242999)!:A0602E000C730000]Automatic fallback to software WebGL has been deprecated. Please use the --enable-unsafe-swiftshader (about:flags#enable-unsafe-swiftshader) flag to opt in to lower security guarantees for trusted content.", source: https://x.com/ekamnyaay/status/1957324117796942212 (349)
[2124:9176:0830/125829.608:INFO:CONSOLE:349] "No available adapters.", source: https://x.com/ekamnyaay/status/1957324117796942212 (349)
[2028:10612:0830/125829.810:ERROR:gpu\command_buffer\service\gles2_cmd_decoder_passthrough.cc:1096] [GroupMarkerNotSet(crbug.com/242999)!:A0902E000C730000]Automatic fallback to software WebGL has been deprecated. Please use the --enable-unsafe-swiftshader (about:flags#enable-unsafe-swiftshader) flag to opt in to lower security guarantees for trusted content.
[6876:3328:0830/125829.857:INFO:third_party\blink\renderer\modules\peerconnection\peer_connection_dependency_factory.cc:802] Running WebRTC with a combined Network and Worker thread.
[2124:9176:0830/125830.368:INFO:CONSOLE:0] "[GroupMarkerNotSet(crbug.com/242999)!:A0902E000C730000]Automatic fallback to software WebGL has been deprecated. Please use the --enable-unsafe-swiftshader (about:flags#enable-unsafe-swiftshader) flag to opt in to lower security guarantees for trusted content.", source: https://x.com/ekamnyaay/status/1957324117796942212 (0)
[2124:9176:0830/125830.375:INFO:CONSOLE:1] "Error", source: https://abs.twimg.com/responsive-web/client-web/main.8e00a9aa.js (1)
[6876:11052:0830/125831.374:WARNING:third_party\webrtc\media\engine\webrtc_voice_engine.cc:805] Attempting to stop aecdump when no audio processing module is present
[2124:8404:0830/125833.373:ERROR:components\system_cpu\cpu_probe_win.cc:112] PdhAddEnglishCounter failed for '\Processor(_Total)\% Processor Time': Error (0x13D) while retrieving error. (0xC0000BB8)
[2124:9176:0830/125833.436:WARNING:chrome\browser\performance_manager\policies\page_discarding_helper.cc:137] Discarding multiple pages with target (kb): 0, discard_protected_tabs: 0
[2124:9176:0830/125834.834:INFO:CONSOLE:1] "Uncaught ReferenceError: t is not defined", source: blob:https://x.com/0eef5fa9-d439-4ac9-b3aa-96c3aabcb385 (1)
[2124:9176:0830/125834.901:INFO:CONSOLE:1] "Uncaught ReferenceError: t is not defined", source: blob:https://x.com/c42b6dac-ffad-4844-8752-8a8f6ca2b95e (1)
[2124:9176:0830/125838.449:WARNING:chrome\browser\performance_manager\policies\page_discarding_helper.cc:137] Discarding multiple pages with target (kb): 0, discard_protected_tabs: 0
[2124:9176:0830/125843.468:WARNING:chrome\browser\performance_manager\policies\page_discarding_helper.cc:137] Discarding multiple pages with target (kb): 0, discard_protected_tabs: 0
[2124:1092:0830/125847.649:ERROR:google_apis\gcm\engine\registration_request.cc:291] Registration response error message: DEPRECATED_ENDPOINT
[2124:8404:0830/125848.382:ERROR:components\system_cpu\cpu_probe_win.cc:112] PdhAddEnglishCounter failed for '\Processor(_Total)\% Processor Time': Error (0x13D) while retrieving error. (0xC0000BB8)
[2124:9176:0830/125848.465:WARNING:chrome\browser\performance_manager\policies\page_discarding_helper.cc:137] Discarding multiple pages with target (kb): 0, discard_protected_tabs: 0
[2124:9176:0830/125858.481:WARNING:chrome\browser\performance_manager\policies\page_discarding_helper.cc:137] Discarding multiple pages with target (kb): 0, discard_protected_tabs: 0
[2124:8404:0830/125903.332:ERROR:components\system_cpu\cpu_probe_win.cc:112] PdhAddEnglishCounter failed for '\Processor(_Total)\% Processor Time': Error (0x13D) while retrieving error. (0xC0000BB8)
[2124:8404:0830/125903.382:ERROR:components\system_cpu\cpu_probe_win.cc:112] PdhAddEnglishCounter failed for '\Processor(_Total)\% Processor Time': Error (0x13D) while retrieving error. (0xC0000BB8)
[2124:9176:0830/125908.491:WARNING:chrome\browser\performance_manager\policies\page_discarding_helper.cc:137] Discarding multiple pages with target (kb): 0, discard_protected_tabs: 0
[2124:9176:0830/125913.506:WARNING:chrome\browser\performance_manager\policies\page_discarding_helper.cc:137] Discarding multiple pages with target (kb): 0, discard_protected_tabs: 0
[2124:8404:0830/125918.387:ERROR:components\system_cpu\cpu_probe_win.cc:112] PdhAddEnglishCounter failed for '\Processor(_Total)\% Processor Time': Error (0x13D) while retrieving error. (0xC0000BB8)
[2124:9176:0830/125923.560:WARNING:chrome\browser\performance_manager\policies\page_discarding_helper.cc:137] Discarding multiple pages with target (kb): 0, discard_protected_tabs: 0
[2028:10612:0830/125926.731:ERROR:gpu\command_buffer\service\gles2_cmd_decoder_passthrough.cc:1096] [GroupMarkerNotSet(crbug.com/242999)!:A0002E000C730000]Automatic fallback to software WebGL has been deprecated. Please use the --enable-unsafe-swiftshader (about:flags#enable-unsafe-swiftshader) flag to opt in to lower security guarantees for trusted content.
[2028:10612:0830/125926.793:ERROR:gpu\command_buffer\service\gles2_cmd_decoder_passthrough.cc:1096] [GroupMarkerNotSet(crbug.com/242999)!:A0602E000C730000]Automatic fallback to software WebGL has been deprecated. Please use the --enable-unsafe-swiftshader (about:flags#enable-unsafe-swiftshader) flag to opt in to lower security guarantees for trusted content.
[2124:9176:0830/125926.815:WARNING:chrome\browser\media\prefs\capture_device_ranking.h:255] Can't initialize the value of media.audio_input.user_preference_ranking because media.default_audio_capture_device isn't registered or is empty
[2124:9176:0830/125926.815:WARNING:chrome\browser\media\prefs\capture_device_ranking.h:255] Can't initialize the value of media.video_input.user_preference_ranking because media.default_video_capture_Device isn't registered or is empty
[2028:10612:0830/125926.858:ERROR:gpu\command_buffer\service\webgpu_decoder_impl.cc:1670] Failed to query ID3D11Device from ANGLE.
[2124:9176:0830/125926.883:INFO:CONSOLE:349] "[GroupMarkerNotSet(crbug.com/242999)!:A0002E000C730000]Automatic fallback to software WebGL has been deprecated. Please use the --enable-unsafe-swiftshader (about:flags#enable-unsafe-swiftshader) flag to opt in to lower security guarantees for trusted content.", source: https://x.com/imRavikantYadav/status/1958489600394944773 (349)
[2124:9176:0830/125926.886:INFO:CONSOLE:349] "[GroupMarkerNotSet(crbug.com/242999)!:A0602E000C730000]Automatic fallback to software WebGL has been deprecated. Please use the --enable-unsafe-swiftshader (about:flags#enable-unsafe-swiftshader) flag to opt in to lower security guarantees for trusted content.", source: https://x.com/imRavikantYadav/status/1958489600394944773 (349)
[2124:9176:0830/125927.071:INFO:CONSOLE:0] "No available adapters.", source: https://x.com/imRavikantYadav/status/1958489600394944773 (0)
[2028:10612:0830/125927.099:ERROR:gpu\command_buffer\service\gles2_cmd_decoder_passthrough.cc:1096] [GroupMarkerNotSet(crbug.com/242999)!:A0902E000C730000]Automatic fallback to software WebGL has been deprecated. Please use the --enable-unsafe-swiftshader (about:flags#enable-unsafe-swiftshader) flag to opt in to lower security guarantees for trusted content.
[2124:9176:0830/125927.148:INFO:CONSOLE:1] "Error", source: https://abs.twimg.com/responsive-web/client-web/main.8e00a9aa.js (1)
[2124:9176:0830/125927.360:INFO:CONSOLE:0] "[GroupMarkerNotSet(crbug.com/242999)!:A0902E000C730000]Automatic fallback to software WebGL has been deprecated. Please use the --enable-unsafe-swiftshader (about:flags#enable-unsafe-swiftshader) flag to opt in to lower security guarantees for trusted content.", source: https://x.com/imRavikantYadav/status/1958489600394944773 (0)
[6876:3328:0830/125927.423:INFO:third_party\blink\renderer\modules\peerconnection\peer_connection_dependency_factory.cc:802] Running WebRTC with a combined Network and Worker thread.
[2124:9176:0830/125928.569:WARNING:chrome\browser\performance_manager\policies\page_discarding_helper.cc:137] Discarding multiple pages with target (kb): 0, discard_protected_tabs: 0
[2124:8404:0830/125933.394:ERROR:components\system_cpu\cpu_probe_win.cc:112] PdhAddEnglishCounter failed for '\Processor(_Total)\% Processor Time': Error (0x13D) while retrieving error. (0xC0000BB8)
[2124:9176:0830/125933.579:WARNING:chrome\browser\performance_manager\policies\page_discarding_helper.cc:137] Discarding multiple pages with target (kb): 0, discard_protected_tabs: 0
[2124:8404:0830/125948.404:ERROR:components\system_cpu\cpu_probe_win.cc:112] PdhAddEnglishCounter failed for '\Processor(_Total)\% Processor Time': Error (0x13D) while retrieving error. (0xC0000BB8)
[2124:9176:0830/125953.609:WARNING:chrome\browser\performance_manager\policies\page_discarding_helper.cc:137] Discarding multiple pages with target (kb): 0, discard_protected_tabs: 0
[6876:11052:0830/125955.539:WARNING:third_party\webrtc\media\engine\webrtc_voice_engine.cc:805] Attempting to stop aecdump when no audio processing module is present
[2124:8404:0830/130003.419:ERROR:components\system_cpu\cpu_probe_win.cc:112] PdhAddEnglishCounter failed for '\Processor(_Total)\% Processor Time': Error (0x13D) while retrieving error. (0xC0000BB8)
[2124:9176:0830/130003.977:ERROR:services\on_device_model\public\cpp\service_client.cc:36] Unexpected on_device_model service disconnect: The device's GPU is not supported.
[2124:1092:0830/130016.929:ERROR:google_apis\gcm\engine\registration_request.cc:291] Registration response error message: DEPRECATED_ENDPOINT
[2124:8404:0830/130018.420:ERROR:components\system_cpu\cpu_probe_win.cc:112] PdhAddEnglishCounter failed for '\Processor(_Total)\% Processor Time': Error (0x13D) while retrieving error. (0xC0000BB8)
[2028:10612:0830/130021.239:ERROR:gpu\command_buffer\service\gles2_cmd_decoder_passthrough.cc:1096] [GroupMarkerNotSet(crbug.com/242999)!:A0002E000C730000]Automatic fallback to software WebGL has been deprecated. Please use the --enable-unsafe-swiftshader (about:flags#enable-unsafe-swiftshader) flag to opt in to lower security guarantees for trusted content.
[2028:10612:0830/130021.275:ERROR:gpu\command_buffer\service\gles2_cmd_decoder_passthrough.cc:1096] [GroupMarkerNotSet(crbug.com/242999)!:A0602E000C730000]Automatic fallback to software WebGL has been deprecated. Please use the --enable-unsafe-swiftshader (about:flags#enable-unsafe-swiftshader) flag to opt in to lower security guarantees for trusted content.
[2124:9176:0830/130021.293:WARNING:chrome\browser\media\prefs\capture_device_ranking.h:255] Can't initialize the value of media.audio_input.user_preference_ranking because media.default_audio_capture_device isn't registered or is empty
[2124:9176:0830/130021.293:WARNING:chrome\browser\media\prefs\capture_device_ranking.h:255] Can't initialize the value of media.video_input.user_preference_ranking because media.default_video_capture_Device isn't registered or is empty
[2028:10612:0830/130021.311:ERROR:gpu\command_buffer\service\webgpu_decoder_impl.cc:1670] Failed to query ID3D11Device from ANGLE.
[2124:9176:0830/130021.505:INFO:CONSOLE:349] "[GroupMarkerNotSet(crbug.com/242999)!:A0002E000C730000]Automatic fallback to software WebGL has been deprecated. Please use the --enable-unsafe-swiftshader (about:flags#enable-unsafe-swiftshader) flag to opt in to lower security guarantees for trusted content.", source: https://x.com/chenlexdd/status/1960403421623624020 (349)
[2124:9176:0830/130021.508:INFO:CONSOLE:349] "[GroupMarkerNotSet(crbug.com/242999)!:A0602E000C730000]Automatic fallback to software WebGL has been deprecated. Please use the --enable-unsafe-swiftshader (about:flags#enable-unsafe-swiftshader) flag to opt in to lower security guarantees for trusted content.", source: https://x.com/chenlexdd/status/1960403421623624020 (349)
[2124:9176:0830/130021.537:INFO:CONSOLE:349] "No available adapters.", source: https://x.com/chenlexdd/status/1960403421623624020 (349)
[2028:10612:0830/130021.748:ERROR:gpu\command_buffer\service\gles2_cmd_decoder_passthrough.cc:1096] [GroupMarkerNotSet(crbug.com/242999)!:A0902E000C730000]Automatic fallback to software WebGL has been deprecated. Please use the --enable-unsafe-swiftshader (about:flags#enable-unsafe-swiftshader) flag to opt in to lower security guarantees for trusted content.
[6876:3328:0830/130021.818:INFO:third_party\blink\renderer\modules\peerconnection\peer_connection_dependency_factory.cc:802] Running WebRTC with a combined Network and Worker thread.
[2124:9176:0830/130021.835:INFO:CONSOLE:0] "[GroupMarkerNotSet(crbug.com/242999)!:A0902E000C730000]Automatic fallback to software WebGL has been deprecated. Please use the --enable-unsafe-swiftshader (about:flags#enable-unsafe-swiftshader) flag to opt in to lower security guarantees for trusted content.", source: https://x.com/chenlexdd/status/1960403421623624020 (0)
[6876:11052:0830/130022.932:WARNING:third_party\webrtc\media\engine\webrtc_voice_engine.cc:805] Attempting to stop aecdump when no audio processing module is present
[2124:8404:0830/130033.433:ERROR:components\system_cpu\cpu_probe_win.cc:112] PdhAddEnglishCounter failed for '\Processor(_Total)\% Processor Time': Error (0x13D) while retrieving error. (0xC0000BB8)
[2124:8404:0830/130048.442:ERROR:components\system_cpu\cpu_probe_win.cc:112] PdhAddEnglishCounter failed for '\Processor(_Total)\% Processor Time': Error (0x13D) while retrieving error. (0xC0000BB8)
[2124:8404:0830/130103.334:ERROR:components\system_cpu\cpu_probe_win.cc:112] PdhAddEnglishCounter failed for '\Processor(_Total)\% Processor Time': Error (0x13D) while retrieving error. (0xC0000BB8)
[2124:8404:0830/130103.455:ERROR:components\system_cpu\cpu_probe_win.cc:112] PdhAddEnglishCounter failed for '\Processor(_Total)\% Processor Time': Error (0x13D) while retrieving error. (0xC0000BB8)
[2028:10612:0830/130114.586:ERROR:gpu\command_buffer\service\gles2_cmd_decoder_passthrough.cc:1096] [GroupMarkerNotSet(crbug.com/242999)!:A0002E000C730000]Automatic fallback to software WebGL has been deprecated. Please use the --enable-unsafe-swiftshader (about:flags#enable-unsafe-swiftshader) flag to opt in to lower security guarantees for trusted content.
[2028:10612:0830/130114.613:ERROR:gpu\command_buffer\service\gles2_cmd_decoder_passthrough.cc:1096] [GroupMarkerNotSet(crbug.com/242999)!:A0602E000C730000]Automatic fallback to software WebGL has been deprecated. Please use the --enable-unsafe-swiftshader (about:flags#enable-unsafe-swiftshader) flag to opt in to lower security guarantees for trusted content.
[2124:9176:0830/130114.625:WARNING:chrome\browser\media\prefs\capture_device_ranking.h:255] Can't initialize the value of media.audio_input.user_preference_ranking because media.default_audio_capture_device isn't registered or is empty
[2124:9176:0830/130114.625:WARNING:chrome\browser\media\prefs\capture_device_ranking.h:255] Can't initialize the value of media.video_input.user_preference_ranking because media.default_video_capture_Device isn't registered or is empty
[2028:10612:0830/130114.644:ERROR:gpu\command_buffer\service\webgpu_decoder_impl.cc:1670] Failed to query ID3D11Device from ANGLE.
[2124:9176:0830/130114.778:INFO:CONSOLE:349] "[GroupMarkerNotSet(crbug.com/242999)!:A0002E000C730000]Automatic fallback to software WebGL has been deprecated. Please use the --enable-unsafe-swiftshader (about:flags#enable-unsafe-swiftshader) flag to opt in to lower security guarantees for trusted content.", source: https://x.com/moonchild_nissa/status/1957161882537619859 (349)
[2124:9176:0830/130114.780:INFO:CONSOLE:349] "[GroupMarkerNotSet(crbug.com/242999)!:A0602E000C730000]Automatic fallback to software WebGL has been deprecated. Please use the --enable-unsafe-swiftshader (about:flags#enable-unsafe-swiftshader) flag to opt in to lower security guarantees for trusted content.", source: https://x.com/moonchild_nissa/status/1957161882537619859 (349)
[2124:9176:0830/130114.800:INFO:CONSOLE:349] "No available adapters.", source: https://x.com/moonchild_nissa/status/1957161882537619859 (349)
[2028:10612:0830/130114.891:ERROR:gpu\command_buffer\service\gles2_cmd_decoder_passthrough.cc:1096] [GroupMarkerNotSet(crbug.com/242999)!:A0902E000C730000]Automatic fallback to software WebGL has been deprecated. Please use the --enable-unsafe-swiftshader (about:flags#enable-unsafe-swiftshader) flag to opt in to lower security guarantees for trusted content.
[6876:3328:0830/130114.906:INFO:third_party\blink\renderer\modules\peerconnection\peer_connection_dependency_factory.cc:802] Running WebRTC with a combined Network and Worker thread.
[2124:9176:0830/130114.913:INFO:CONSOLE:0] "[GroupMarkerNotSet(crbug.com/242999)!:A0902E000C730000]Automatic fallback to software WebGL has been deprecated. Please use the --enable-unsafe-swiftshader (about:flags#enable-unsafe-swiftshader) flag to opt in to lower security guarantees for trusted content.", source: https://x.com/moonchild_nissa/status/1957161882537619859 (0)
[6876:11052:0830/130115.514:WARNING:third_party\webrtc\media\engine\webrtc_voice_engine.cc:805] Attempting to stop aecdump when no audio processing module is present
[2124:8404:0830/130118.455:ERROR:components\system_cpu\cpu_probe_win.cc:112] PdhAddEnglishCounter failed for '\Processor(_Total)\% Processor Time': Error (0x13D) while retrieving error. (0xC0000BB8)
[2124:8404:0830/130133.461:ERROR:components\system_cpu\cpu_probe_win.cc:112] PdhAddEnglishCounter failed for '\Processor(_Total)\% Processor Time': Error (0x13D) while retrieving error. (0xC0000BB8)
[2124:8404:0830/130148.471:ERROR:components\system_cpu\cpu_probe_win.cc:112] PdhAddEnglishCounter failed for '\Processor(_Total)\% Processor Time': Error (0x13D) while retrieving error. (0xC0000BB8)
[2124:8404:0830/130203.475:ERROR:components\system_cpu\cpu_probe_win.cc:112] PdhAddEnglishCounter failed for '\Processor(_Total)\% Processor Time': Error (0x13D) while retrieving error. (0xC0000BB8)
[6876:11052:0830/130207.425:WARNING:third_party\webrtc\media\engine\webrtc_voice_engine.cc:805] Attempting to stop aecdump when no audio processing module is present
[2028:10612:0830/130207.632:ERROR:gpu\command_buffer\service\gles2_cmd_decoder_passthrough.cc:1096] [GroupMarkerNotSet(crbug.com/242999)!:A0002E000C730000]Automatic fallback to software WebGL has been deprecated. Please use the --enable-unsafe-swiftshader (about:flags#enable-unsafe-swiftshader) flag to opt in to lower security guarantees for trusted content.
[2028:10612:0830/130207.657:ERROR:gpu\command_buffer\service\gles2_cmd_decoder_passthrough.cc:1096] [GroupMarkerNotSet(crbug.com/242999)!:A0602E000C730000]Automatic fallback to software WebGL has been deprecated. Please use the --enable-unsafe-swiftshader (about:flags#enable-unsafe-swiftshader) flag to opt in to lower security guarantees for trusted content.
[2124:9176:0830/130207.665:WARNING:chrome\browser\media\prefs\capture_device_ranking.h:255] Can't initialize the value of media.audio_input.user_preference_ranking because media.default_audio_capture_device isn't registered or is empty
[2124:9176:0830/130207.665:WARNING:chrome\browser\media\prefs\capture_device_ranking.h:255] Can't initialize the value of media.video_input.user_preference_ranking because media.default_video_capture_Device isn't registered or is empty
[2028:10612:0830/130207.702:ERROR:gpu\command_buffer\service\webgpu_decoder_impl.cc:1670] Failed to query ID3D11Device from ANGLE.
[2124:9176:0830/130207.727:INFO:CONSOLE:349] "[GroupMarkerNotSet(crbug.com/242999)!:A0002E000C730000]Automatic fallback to software WebGL has been deprecated. Please use the --enable-unsafe-swiftshader (about:flags#enable-unsafe-swiftshader) flag to opt in to lower security guarantees for trusted content.", source: https://x.com/shanksthesun/status/1958209496192610367 (349)
[2124:9176:0830/130207.730:INFO:CONSOLE:349] "[GroupMarkerNotSet(crbug.com/242999)!:A0602E000C730000]Automatic fallback to software WebGL has been deprecated. Please use the --enable-unsafe-swiftshader (about:flags#enable-unsafe-swiftshader) flag to opt in to lower security guarantees for trusted content.", source: https://x.com/shanksthesun/status/1958209496192610367 (349)
[2124:9176:0830/130207.742:INFO:CONSOLE:349] "No available adapters.", source: https://x.com/shanksthesun/status/1958209496192610367 (349)
[2028:10612:0830/130207.877:ERROR:gpu\command_buffer\service\gles2_cmd_decoder_passthrough.cc:1096] [GroupMarkerNotSet(crbug.com/242999)!:A0902E000C730000]Automatic fallback to software WebGL has been deprecated. Please use the --enable-unsafe-swiftshader (about:flags#enable-unsafe-swiftshader) flag to opt in to lower security guarantees for trusted content.
[2124:9176:0830/130207.885:INFO:CONSOLE:0] "[GroupMarkerNotSet(crbug.com/242999)!:A0902E000C730000]Automatic fallback to software WebGL has been deprecated. Please use the --enable-unsafe-swiftshader (about:flags#enable-unsafe-swiftshader) flag to opt in to lower security guarantees for trusted content.", source: https://x.com/shanksthesun/status/1958209496192610367 (0)
[6876:3328:0830/130207.946:INFO:third_party\blink\renderer\modules\peerconnection\peer_connection_dependency_factory.cc:802] Running WebRTC with a combined Network and Worker thread.
[2124:8404:0830/130218.483:ERROR:components\system_cpu\cpu_probe_win.cc:112] PdhAddEnglishCounter failed for '\Processor(_Total)\% Processor Time': Error (0x13D) while retrieving error. (0xC0000BB8)
[2124:8404:0830/130233.494:ERROR:components\system_cpu\cpu_probe_win.cc:112] PdhAddEnglishCounter failed for '\Processor(_Total)\% Processor Time': Error (0x13D) while retrieving error. (0xC0000BB8)
[2124:8404:0830/130248.508:ERROR:components\system_cpu\cpu_probe_win.cc:112] PdhAddEnglishCounter failed for '\Processor(_Total)\% Processor Time': Error (0x13D) while retrieving error. (0xC0000BB8)
